{"/Users/Sam/Projects/virtual-pet/src/pet.js": {"path":"/Users/Sam/Projects/virtual-pet/src/pet.js","statementMap":{"0":{"start":{"line":1,"column":19},"end":{"line":1,"column":21}},"1":{"start":{"line":2,"column":18},"end":{"line":2,"column":19}},"2":{"start":{"line":5,"column":4},"end":{"line":5,"column":21}},"3":{"start":{"line":6,"column":4},"end":{"line":6,"column":17}},"4":{"start":{"line":7,"column":4},"end":{"line":7,"column":20}},"5":{"start":{"line":8,"column":4},"end":{"line":8,"column":22}},"6":{"start":{"line":9,"column":4},"end":{"line":9,"column":23}},"7":{"start":{"line":12,"column":0},"end":{"line":16,"column":1}},"8":{"start":{"line":14,"column":8},"end":{"line":14,"column":84}},"9":{"start":{"line":18,"column":0},"end":{"line":23,"column":1}},"10":{"start":{"line":19,"column":4},"end":{"line":21,"column":7}},"11":{"start":{"line":20,"column":8},"end":{"line":20,"column":72}},"12":{"start":{"line":22,"column":4},"end":{"line":22,"column":30}},"13":{"start":{"line":25,"column":0},"end":{"line":32,"column":1}},"14":{"start":{"line":26,"column":4},"end":{"line":28,"column":7}},"15":{"start":{"line":27,"column":8},"end":{"line":27,"column":44}},"16":{"start":{"line":29,"column":4},"end":{"line":29,"column":18}},"17":{"start":{"line":30,"column":4},"end":{"line":30,"column":21}},"18":{"start":{"line":31,"column":4},"end":{"line":31,"column":22}},"19":{"start":{"line":34,"column":0},"end":{"line":42,"column":2}},"20":{"start":{"line":35,"column":4},"end":{"line":37,"column":7}},"21":{"start":{"line":36,"column":8},"end":{"line":36,"column":44}},"22":{"start":{"line":38,"column":4},"end":{"line":41,"column":30}},"23":{"start":{"line":39,"column":8},"end":{"line":39,"column":26}},"24":{"start":{"line":41,"column":4},"end":{"line":41,"column":30}},"25":{"start":{"line":44,"column":0},"end":{"line":52,"column":1}},"26":{"start":{"line":45,"column":4},"end":{"line":47,"column":7}},"27":{"start":{"line":46,"column":8},"end":{"line":46,"column":44}},"28":{"start":{"line":48,"column":4},"end":{"line":51,"column":28}},"29":{"start":{"line":49,"column":4},"end":{"line":49,"column":21}},"30":{"start":{"line":51,"column":4},"end":{"line":51,"column":28}},"31":{"start":{"line":54,"column":0},"end":{"line":68,"column":2}},"32":{"start":{"line":55,"column":4},"end":{"line":57,"column":5}},"33":{"start":{"line":56,"column":8},"end":{"line":56,"column":44}},"34":{"start":{"line":58,"column":4},"end":{"line":60,"column":5}},"35":{"start":{"line":59,"column":8},"end":{"line":59,"column":47}},"36":{"start":{"line":61,"column":4},"end":{"line":63,"column":5}},"37":{"start":{"line":62,"column":8},"end":{"line":62,"column":31}},"38":{"start":{"line":64,"column":4},"end":{"line":66,"column":5}},"39":{"start":{"line":65,"column":8},"end":{"line":65,"column":29}},"40":{"start":{"line":67,"column":4},"end":{"line":67,"column":26}},"41":{"start":{"line":70,"column":0},"end":{"line":70,"column":21}}},"fnMap":{"0":{"name":"Pet","decl":{"start":{"line":4,"column":9},"end":{"line":4,"column":12}},"loc":{"start":{"line":4,"column":19},"end":{"line":10,"column":1}},"line":4},"1":{"name":"(anonymous_1)","decl":{"start":{"line":13,"column":4},"end":{"line":13,"column":5}},"loc":{"start":{"line":13,"column":18},"end":{"line":15,"column":5}},"line":13},"2":{"name":"(anonymous_2)","decl":{"start":{"line":18,"column":27},"end":{"line":18,"column":28}},"loc":{"start":{"line":18,"column":43},"end":{"line":23,"column":1}},"line":18},"3":{"name":"(anonymous_3)","decl":{"start":{"line":25,"column":23},"end":{"line":25,"column":24}},"loc":{"start":{"line":25,"column":34},"end":{"line":32,"column":1}},"line":25},"4":{"name":"(anonymous_4)","decl":{"start":{"line":34,"column":21},"end":{"line":34,"column":22}},"loc":{"start":{"line":34,"column":32},"end":{"line":42,"column":1}},"line":34},"5":{"name":"(anonymous_5)","decl":{"start":{"line":44,"column":21},"end":{"line":44,"column":22}},"loc":{"start":{"line":44,"column":32},"end":{"line":52,"column":1}},"line":44},"6":{"name":"(anonymous_6)","decl":{"start":{"line":54,"column":24},"end":{"line":54,"column":25}},"loc":{"start":{"line":54,"column":35},"end":{"line":68,"column":1}},"line":54}},"branchMap":{"0":{"loc":{"start":{"line":14,"column":15},"end":{"line":14,"column":83}},"type":"cond-expr","locations":[{"start":{"line":14,"column":71},"end":{"line":14,"column":75}},{"start":{"line":14,"column":78},"end":{"line":14,"column":83}}],"line":14},"1":{"loc":{"start":{"line":14,"column":15},"end":{"line":14,"column":68}},"type":"binary-expr","locations":[{"start":{"line":14,"column":15},"end":{"line":14,"column":31}},{"start":{"line":14,"column":35},"end":{"line":14,"column":51}},{"start":{"line":14,"column":55},"end":{"line":14,"column":68}}],"line":14},"2":{"loc":{"start":{"line":19,"column":4},"end":{"line":21,"column":7}},"type":"if","locations":[{"start":{"line":19,"column":4},"end":{"line":21,"column":7}},{"start":{"line":19,"column":4},"end":{"line":21,"column":7}}],"line":19},"3":{"loc":{"start":{"line":26,"column":4},"end":{"line":28,"column":7}},"type":"if","locations":[{"start":{"line":26,"column":4},"end":{"line":28,"column":7}},{"start":{"line":26,"column":4},"end":{"line":28,"column":7}}],"line":26},"4":{"loc":{"start":{"line":35,"column":4},"end":{"line":37,"column":7}},"type":"if","locations":[{"start":{"line":35,"column":4},"end":{"line":37,"column":7}},{"start":{"line":35,"column":4},"end":{"line":37,"column":7}}],"line":35},"5":{"loc":{"start":{"line":38,"column":4},"end":{"line":41,"column":30}},"type":"if","locations":[{"start":{"line":38,"column":4},"end":{"line":41,"column":30}},{"start":{"line":38,"column":4},"end":{"line":41,"column":30}}],"line":38},"6":{"loc":{"start":{"line":45,"column":4},"end":{"line":47,"column":7}},"type":"if","locations":[{"start":{"line":45,"column":4},"end":{"line":47,"column":7}},{"start":{"line":45,"column":4},"end":{"line":47,"column":7}}],"line":45},"7":{"loc":{"start":{"line":48,"column":4},"end":{"line":51,"column":28}},"type":"if","locations":[{"start":{"line":48,"column":4},"end":{"line":51,"column":28}},{"start":{"line":48,"column":4},"end":{"line":51,"column":28}}],"line":48},"8":{"loc":{"start":{"line":55,"column":4},"end":{"line":57,"column":5}},"type":"if","locations":[{"start":{"line":55,"column":4},"end":{"line":57,"column":5}},{"start":{"line":55,"column":4},"end":{"line":57,"column":5}}],"line":55},"9":{"loc":{"start":{"line":58,"column":4},"end":{"line":60,"column":5}},"type":"if","locations":[{"start":{"line":58,"column":4},"end":{"line":60,"column":5}},{"start":{"line":58,"column":4},"end":{"line":60,"column":5}}],"line":58},"10":{"loc":{"start":{"line":58,"column":7},"end":{"line":58,"column":44}},"type":"binary-expr","locations":[{"start":{"line":58,"column":7},"end":{"line":58,"column":24}},{"start":{"line":58,"column":28},"end":{"line":58,"column":44}}],"line":58},"11":{"loc":{"start":{"line":61,"column":4},"end":{"line":63,"column":5}},"type":"if","locations":[{"start":{"line":61,"column":4},"end":{"line":63,"column":5}},{"start":{"line":61,"column":4},"end":{"line":63,"column":5}}],"line":61},"12":{"loc":{"start":{"line":64,"column":4},"end":{"line":66,"column":5}},"type":"if","locations":[{"start":{"line":64,"column":4},"end":{"line":66,"column":5}},{"start":{"line":64,"column":4},"end":{"line":66,"column":5}}],"line":64}},"s":{"0":1,"1":1,"2":28,"3":28,"4":28,"5":28,"6":28,"7":1,"8":25,"9":1,"10":2,"11":1,"12":1,"13":1,"14":4,"15":1,"16":3,"17":3,"18":3,"19":1,"20":3,"21":1,"22":2,"23":1,"24":1,"25":1,"26":3,"27":1,"28":2,"29":1,"30":1,"31":1,"32":9,"33":1,"34":8,"35":2,"36":6,"37":2,"38":4,"39":2,"40":2,"41":1},"f":{"0":28,"1":25,"2":2,"3":4,"4":3,"5":3,"6":9},"b":{"0":[17,8],"1":[25,22,20],"2":[1,1],"3":[1,3],"4":[1,2],"5":[1,1],"6":[1,2],"7":[1,1],"8":[1,8],"9":[2,6],"10":[8,4],"11":[2,4],"12":[2,2]},"_coverageSchema":"43e27e138ebf9cfc5966b082cf9a028302ed4184","hash":"44a71d7b36716df7cbac081e6f67bc867143d794"}
}
