TN:
SF:/Users/Sam/Projects/virtual-pet/src/pet.js
FN:4,Pet
FN:13,(anonymous_1)
FN:18,(anonymous_2)
FN:25,(anonymous_3)
FN:34,(anonymous_4)
FN:44,(anonymous_5)
FN:54,(anonymous_6)
FNF:7
FNH:7
FNDA:28,Pet
FNDA:25,(anonymous_1)
FNDA:2,(anonymous_2)
FNDA:4,(anonymous_3)
FNDA:3,(anonymous_4)
FNDA:3,(anonymous_5)
FNDA:9,(anonymous_6)
DA:1,1
DA:2,1
DA:5,28
DA:6,28
DA:7,28
DA:8,28
DA:9,28
DA:12,1
DA:14,25
DA:18,1
DA:19,2
DA:20,1
DA:22,1
DA:25,1
DA:26,4
DA:27,1
DA:29,3
DA:30,3
DA:31,3
DA:34,1
DA:35,3
DA:36,1
DA:38,2
DA:39,1
DA:41,1
DA:44,1
DA:45,3
DA:46,1
DA:48,2
DA:49,1
DA:51,1
DA:54,1
DA:55,9
DA:56,1
DA:58,8
DA:59,2
DA:61,6
DA:62,2
DA:64,4
DA:65,2
DA:67,2
DA:70,1
LF:42
LH:42
BRDA:14,0,0,17
BRDA:14,0,1,8
BRDA:14,1,0,25
BRDA:14,1,1,22
BRDA:14,1,2,20
BRDA:19,2,0,1
BRDA:19,2,1,1
BRDA:26,3,0,1
BRDA:26,3,1,3
BRDA:35,4,0,1
BRDA:35,4,1,2
BRDA:38,5,0,1
BRDA:38,5,1,1
BRDA:45,6,0,1
BRDA:45,6,1,2
BRDA:48,7,0,1
BRDA:48,7,1,1
BRDA:55,8,0,1
BRDA:55,8,1,8
BRDA:58,9,0,2
BRDA:58,9,1,6
BRDA:58,10,0,8
BRDA:58,10,1,4
BRDA:61,11,0,2
BRDA:61,11,1,4
BRDA:64,12,0,2
BRDA:64,12,1,2
BRF:27
BRH:27
end_of_record
